[1.041s] DEBUG:colcon:Command line arguments: ['/usr/bin/colcon', 'build', '--packages-select', 'safety_filter']
[1.042s] DEBUG:colcon:Parsed command line arguments: Namespace(log_base=None, log_level=None, verb_name='build', build_base='build', install_base='install', merge_install=False, symlink_install=False, test_result_base=None, continue_on_error=False, executor='parallel', parallel_workers=32, event_handlers=None, ignore_user_meta=False, metas=['./colcon.meta'], base_paths=['.'], packages_ignore=None, packages_ignore_regex=None, paths=None, packages_up_to=None, packages_up_to_regex=None, packages_above=None, packages_above_and_dependencies=None, packages_above_depth=None, packages_select_by_dep=None, packages_skip_by_dep=None, packages_skip_up_to=None, packages_select_build_failed=False, packages_skip_build_finished=False, packages_select_test_failures=False, packages_skip_test_passed=False, packages_select=['safety_filter'], packages_skip=None, packages_select_regex=None, packages_skip_regex=None, packages_start=None, packages_end=None, allow_overriding=[], cmake_args=None, cmake_target=None, cmake_target_skip_unavailable=False, cmake_clean_cache=False, cmake_clean_first=False, cmake_force_configure=False, ament_cmake_args=None, catkin_cmake_args=None, catkin_skip_building_tests=False, mixin_files=None, mixin=None, verb_parser=<colcon_mixin.mixin.mixin_argument.MixinArgumentDecorator object at 0x731e85936570>, verb_extension=<colcon_core.verb.build.BuildVerb object at 0x731e85935e80>, main=<bound method BuildVerb.main of <colcon_core.verb.build.BuildVerb object at 0x731e85935e80>>, mixin_verb=('build',))
[1.214s] Level 1:colcon.colcon_core.package_discovery:discover_packages(colcon_meta) check parameters
[1.215s] Level 1:colcon.colcon_core.package_discovery:discover_packages(recursive) check parameters
[1.216s] Level 1:colcon.colcon_core.package_discovery:discover_packages(ignore) check parameters
[1.216s] Level 1:colcon.colcon_core.package_discovery:discover_packages(path) check parameters
[1.217s] Level 1:colcon.colcon_core.package_discovery:discover_packages(colcon_meta) discover
[1.218s] Level 1:colcon.colcon_core.package_discovery:discover_packages(recursive) discover
[1.218s] INFO:colcon.colcon_core.package_discovery:Crawling recursively for packages in '/mnt/c/Sidarth/robotics/projects_robotics/dsp/ros2_ws'
[1.224s] Level 1:colcon.colcon_core.package_identification:_identify(.) by extensions ['ignore', 'ignore_ament_install']
[1.225s] Level 1:colcon.colcon_core.package_identification:_identify(.) by extension 'ignore'
[1.226s] Level 1:colcon.colcon_core.package_identification:_identify(.) by extension 'ignore_ament_install'
[1.227s] Level 1:colcon.colcon_core.package_identification:_identify(.) by extensions ['colcon_pkg']
[1.228s] Level 1:colcon.colcon_core.package_identification:_identify(.) by extension 'colcon_pkg'
[1.229s] Level 1:colcon.colcon_core.package_identification:_identify(.) by extensions ['colcon_meta']
[1.229s] Level 1:colcon.colcon_core.package_identification:_identify(.) by extension 'colcon_meta'
[1.230s] Level 1:colcon.colcon_core.package_identification:_identify(.) by extensions ['ros']
[1.231s] Level 1:colcon.colcon_core.package_identification:_identify(.) by extension 'ros'
[1.330s] Level 1:colcon.colcon_core.package_identification:_identify(.) by extensions ['cmake', 'python']
[1.331s] Level 1:colcon.colcon_core.package_identification:_identify(.) by extension 'cmake'
[1.332s] Level 1:colcon.colcon_core.package_identification:_identify(.) by extension 'python'
[1.334s] Level 1:colcon.colcon_core.package_identification:_identify(.) by extensions ['python_setup_py']
[1.335s] Level 1:colcon.colcon_core.package_identification:_identify(.) by extension 'python_setup_py'
[1.342s] Level 1:colcon.colcon_core.package_identification:_identify(build) by extensions ['ignore', 'ignore_ament_install']
[1.343s] Level 1:colcon.colcon_core.package_identification:_identify(build) by extension 'ignore'
[1.346s] Level 1:colcon.colcon_core.package_identification:_identify(build) ignored
[1.356s] Level 1:colcon.colcon_core.package_identification:_identify(install) by extensions ['ignore', 'ignore_ament_install']
[1.357s] Level 1:colcon.colcon_core.package_identification:_identify(install) by extension 'ignore'
[1.363s] Level 1:colcon.colcon_core.package_identification:_identify(install) ignored
[1.377s] Level 1:colcon.colcon_core.package_identification:_identify(log) by extensions ['ignore', 'ignore_ament_install']
[1.377s] Level 1:colcon.colcon_core.package_identification:_identify(log) by extension 'ignore'
[1.380s] Level 1:colcon.colcon_core.package_identification:_identify(log) ignored
[1.389s] Level 1:colcon.colcon_core.package_identification:_identify(src) by extensions ['ignore', 'ignore_ament_install']
[1.389s] Level 1:colcon.colcon_core.package_identification:_identify(src) by extension 'ignore'
[1.392s] Level 1:colcon.colcon_core.package_identification:_identify(src) by extension 'ignore_ament_install'
[1.398s] Level 1:colcon.colcon_core.package_identification:_identify(src) by extensions ['colcon_pkg']
[1.398s] Level 1:colcon.colcon_core.package_identification:_identify(src) by extension 'colcon_pkg'
[1.401s] Level 1:colcon.colcon_core.package_identification:_identify(src) by extensions ['colcon_meta']
[1.402s] Level 1:colcon.colcon_core.package_identification:_identify(src) by extension 'colcon_meta'
[1.404s] Level 1:colcon.colcon_core.package_identification:_identify(src) by extensions ['ros']
[1.406s] Level 1:colcon.colcon_core.package_identification:_identify(src) by extension 'ros'
[1.415s] Level 1:colcon.colcon_core.package_identification:_identify(src) by extensions ['cmake', 'python']
[1.416s] Level 1:colcon.colcon_core.package_identification:_identify(src) by extension 'cmake'
[1.418s] Level 1:colcon.colcon_core.package_identification:_identify(src) by extension 'python'
[1.421s] Level 1:colcon.colcon_core.package_identification:_identify(src) by extensions ['python_setup_py']
[1.423s] Level 1:colcon.colcon_core.package_identification:_identify(src) by extension 'python_setup_py'
[1.439s] Level 1:colcon.colcon_core.package_identification:_identify(src/safety_filter) by extensions ['ignore', 'ignore_ament_install']
[1.440s] Level 1:colcon.colcon_core.package_identification:_identify(src/safety_filter) by extension 'ignore'
[1.445s] Level 1:colcon.colcon_core.package_identification:_identify(src/safety_filter) by extension 'ignore_ament_install'
[1.451s] Level 1:colcon.colcon_core.package_identification:_identify(src/safety_filter) by extensions ['colcon_pkg']
[1.452s] Level 1:colcon.colcon_core.package_identification:_identify(src/safety_filter) by extension 'colcon_pkg'
[1.456s] Level 1:colcon.colcon_core.package_identification:_identify(src/safety_filter) by extensions ['colcon_meta']
[1.456s] Level 1:colcon.colcon_core.package_identification:_identify(src/safety_filter) by extension 'colcon_meta'
[1.463s] Level 1:colcon.colcon_core.package_identification:_identify(src/safety_filter) by extensions ['ros']
[1.464s] Level 1:colcon.colcon_core.package_identification:_identify(src/safety_filter) by extension 'ros'
[1.520s] DEBUG:colcon.colcon_core.package_identification:Package 'src/safety_filter' with type 'ros.ament_python' and name 'safety_filter'
[1.521s] Level 1:colcon.colcon_core.package_discovery:discover_packages(recursive) using defaults
[1.521s] Level 1:colcon.colcon_core.package_discovery:discover_packages(ignore) discover
[1.522s] Level 1:colcon.colcon_core.package_discovery:discover_packages(ignore) using defaults
[1.523s] Level 1:colcon.colcon_core.package_discovery:discover_packages(path) discover
[1.523s] Level 1:colcon.colcon_core.package_discovery:discover_packages(path) using defaults
[1.682s] Level 1:colcon.colcon_core.package_discovery:discover_packages(prefix_path) check parameters
[1.684s] Level 1:colcon.colcon_core.package_discovery:discover_packages(prefix_path) discover
[1.797s] DEBUG:colcon.colcon_installed_package_information.package_discovery:Found 1 installed packages in /mnt/c/Sidarth/robotics/projects_robotics/dsp/ros2_ws/install
[1.799s] DEBUG:colcon.colcon_installed_package_information.package_discovery:Found 345 installed packages in /opt/ros/jazzy
[1.805s] Level 1:colcon.colcon_core.package_discovery:discover_packages(prefix_path) using defaults
[1.924s] Level 5:colcon.colcon_core.verb:set package 'safety_filter' build argument 'cmake_args' from command line to 'None'
[1.925s] Level 5:colcon.colcon_core.verb:set package 'safety_filter' build argument 'cmake_target' from command line to 'None'
[1.926s] Level 5:colcon.colcon_core.verb:set package 'safety_filter' build argument 'cmake_target_skip_unavailable' from command line to 'False'
[1.927s] Level 5:colcon.colcon_core.verb:set package 'safety_filter' build argument 'cmake_clean_cache' from command line to 'False'
[1.928s] Level 5:colcon.colcon_core.verb:set package 'safety_filter' build argument 'cmake_clean_first' from command line to 'False'
[1.929s] Level 5:colcon.colcon_core.verb:set package 'safety_filter' build argument 'cmake_force_configure' from command line to 'False'
[1.929s] Level 5:colcon.colcon_core.verb:set package 'safety_filter' build argument 'ament_cmake_args' from command line to 'None'
[1.930s] Level 5:colcon.colcon_core.verb:set package 'safety_filter' build argument 'catkin_cmake_args' from command line to 'None'
[1.930s] Level 5:colcon.colcon_core.verb:set package 'safety_filter' build argument 'catkin_skip_building_tests' from command line to 'False'
[1.931s] DEBUG:colcon.colcon_core.verb:Building package 'safety_filter' with the following arguments: {'ament_cmake_args': None, 'build_base': '/mnt/c/Sidarth/robotics/projects_robotics/dsp/ros2_ws/build/safety_filter', 'catkin_cmake_args': None, 'catkin_skip_building_tests': False, 'cmake_args': None, 'cmake_clean_cache': False, 'cmake_clean_first': False, 'cmake_force_configure': False, 'cmake_target': None, 'cmake_target_skip_unavailable': False, 'install_base': '/mnt/c/Sidarth/robotics/projects_robotics/dsp/ros2_ws/install/safety_filter', 'merge_install': False, 'path': '/mnt/c/Sidarth/robotics/projects_robotics/dsp/ros2_ws/src/safety_filter', 'symlink_install': False, 'test_result_base': None}
[1.932s] INFO:colcon.colcon_core.executor:Executing jobs using 'parallel' executor
[1.934s] DEBUG:colcon.colcon_parallel_executor.executor.parallel:run_until_complete
[1.935s] INFO:colcon.colcon_ros.task.ament_python.build:Building ROS package in '/mnt/c/Sidarth/robotics/projects_robotics/dsp/ros2_ws/src/safety_filter' with build type 'ament_python'
[1.935s] Level 1:colcon.colcon_core.shell:create_environment_hook('safety_filter', 'ament_prefix_path')
[1.957s] INFO:colcon.colcon_core.plugin_system:Skipping extension 'colcon_core.shell.bat': Not used on non-Windows systems
[1.958s] INFO:colcon.colcon_core.shell:Creating environment hook '/mnt/c/Sidarth/robotics/projects_robotics/dsp/ros2_ws/install/safety_filter/share/safety_filter/hook/ament_prefix_path.ps1'
[2.007s] INFO:colcon.colcon_core.shell:Creating environment descriptor '/mnt/c/Sidarth/robotics/projects_robotics/dsp/ros2_ws/install/safety_filter/share/safety_filter/hook/ament_prefix_path.dsv'
[2.055s] INFO:colcon.colcon_core.shell:Creating environment hook '/mnt/c/Sidarth/robotics/projects_robotics/dsp/ros2_ws/install/safety_filter/share/safety_filter/hook/ament_prefix_path.sh'
[2.103s] INFO:colcon.colcon_core.shell:Skip shell extension 'powershell' for command environment: Not usable outside of PowerShell
[2.103s] DEBUG:colcon.colcon_core.shell:Skip shell extension 'dsv' for command environment
[3.645s] INFO:colcon.colcon_core.task.python.build:Building Python package in '/mnt/c/Sidarth/robotics/projects_robotics/dsp/ros2_ws/src/safety_filter'
[3.647s] INFO:colcon.colcon_core.shell:Skip shell extension 'powershell' for command environment: Not usable outside of PowerShell
[3.647s] DEBUG:colcon.colcon_core.shell:Skip shell extension 'dsv' for command environment
[7.536s] DEBUG:colcon.colcon_core.event_handler.log_command:Invoking command in '/mnt/c/Sidarth/robotics/projects_robotics/dsp/ros2_ws/src/safety_filter': DEBUGINFOD_URLS=https://debuginfod.ubuntu.com PYTHONPATH=/mnt/c/Sidarth/robotics/projects_robotics/dsp/ros2_ws/build/safety_filter/prefix_override:/usr/lib/python3/dist-packages/colcon_core/task/python/colcon_distutils_commands:/mnt/c/Sidarth/robotics/projects_robotics/dsp/ros2_ws/install/safety_filter/lib/python3.12/site-packages:${PYTHONPATH} /usr/bin/python3 -W ignore:setup.py install is deprecated -W ignore:easy_install command is deprecated setup.py egg_info --egg-base ../../build/safety_filter build --build-base /mnt/c/Sidarth/robotics/projects_robotics/dsp/ros2_ws/build/safety_filter/build install --record /mnt/c/Sidarth/robotics/projects_robotics/dsp/ros2_ws/build/safety_filter/install.log --single-version-externally-managed install_data
[13.355s] DEBUG:colcon.colcon_core.event_handler.log_command:Invoked command in '/mnt/c/Sidarth/robotics/projects_robotics/dsp/ros2_ws/src/safety_filter' returned '0': DEBUGINFOD_URLS=https://debuginfod.ubuntu.com PYTHONPATH=/mnt/c/Sidarth/robotics/projects_robotics/dsp/ros2_ws/build/safety_filter/prefix_override:/usr/lib/python3/dist-packages/colcon_core/task/python/colcon_distutils_commands:/mnt/c/Sidarth/robotics/projects_robotics/dsp/ros2_ws/install/safety_filter/lib/python3.12/site-packages:${PYTHONPATH} /usr/bin/python3 -W ignore:setup.py install is deprecated -W ignore:easy_install command is deprecated setup.py egg_info --egg-base ../../build/safety_filter build --build-base /mnt/c/Sidarth/robotics/projects_robotics/dsp/ros2_ws/build/safety_filter/build install --record /mnt/c/Sidarth/robotics/projects_robotics/dsp/ros2_ws/build/safety_filter/install.log --single-version-externally-managed install_data
[13.385s] Level 1:colcon.colcon_core.environment:checking '/mnt/c/Sidarth/robotics/projects_robotics/dsp/ros2_ws/install/safety_filter' for CMake module files
[13.585s] Level 1:colcon.colcon_core.environment:checking '/mnt/c/Sidarth/robotics/projects_robotics/dsp/ros2_ws/install/safety_filter' for CMake config files
[13.878s] Level 1:colcon.colcon_core.environment:checking '/mnt/c/Sidarth/robotics/projects_robotics/dsp/ros2_ws/install/safety_filter/lib'
[13.892s] Level 1:colcon.colcon_core.environment:checking '/mnt/c/Sidarth/robotics/projects_robotics/dsp/ros2_ws/install/safety_filter/bin'
[13.895s] Level 1:colcon.colcon_core.environment:checking '/mnt/c/Sidarth/robotics/projects_robotics/dsp/ros2_ws/install/safety_filter/lib/pkgconfig/safety_filter.pc'
[13.902s] Level 1:colcon.colcon_core.environment:checking '/mnt/c/Sidarth/robotics/projects_robotics/dsp/ros2_ws/install/safety_filter/lib/python3.12/site-packages'
[13.911s] Level 1:colcon.colcon_core.shell:create_environment_hook('safety_filter', 'pythonpath')
[13.912s] INFO:colcon.colcon_core.shell:Creating environment hook '/mnt/c/Sidarth/robotics/projects_robotics/dsp/ros2_ws/install/safety_filter/share/safety_filter/hook/pythonpath.ps1'
[13.956s] INFO:colcon.colcon_core.shell:Creating environment descriptor '/mnt/c/Sidarth/robotics/projects_robotics/dsp/ros2_ws/install/safety_filter/share/safety_filter/hook/pythonpath.dsv'
[14.000s] INFO:colcon.colcon_core.shell:Creating environment hook '/mnt/c/Sidarth/robotics/projects_robotics/dsp/ros2_ws/install/safety_filter/share/safety_filter/hook/pythonpath.sh'
[14.047s] Level 1:colcon.colcon_core.environment:checking '/mnt/c/Sidarth/robotics/projects_robotics/dsp/ros2_ws/install/safety_filter/bin'
[14.051s] Level 1:colcon.colcon_core.environment:create_environment_scripts_only(safety_filter)
[14.054s] INFO:colcon.colcon_core.shell:Creating package script '/mnt/c/Sidarth/robotics/projects_robotics/dsp/ros2_ws/install/safety_filter/share/safety_filter/package.ps1'
[14.094s] INFO:colcon.colcon_core.shell:Creating package descriptor '/mnt/c/Sidarth/robotics/projects_robotics/dsp/ros2_ws/install/safety_filter/share/safety_filter/package.dsv'
[14.133s] INFO:colcon.colcon_core.shell:Creating package script '/mnt/c/Sidarth/robotics/projects_robotics/dsp/ros2_ws/install/safety_filter/share/safety_filter/package.sh'
[14.174s] INFO:colcon.colcon_core.shell:Creating package script '/mnt/c/Sidarth/robotics/projects_robotics/dsp/ros2_ws/install/safety_filter/share/safety_filter/package.bash'
[14.214s] INFO:colcon.colcon_core.shell:Creating package script '/mnt/c/Sidarth/robotics/projects_robotics/dsp/ros2_ws/install/safety_filter/share/safety_filter/package.zsh'
[14.254s] Level 1:colcon.colcon_core.environment:create_file_with_runtime_dependencies(/mnt/c/Sidarth/robotics/projects_robotics/dsp/ros2_ws/install/safety_filter/share/colcon-core/packages/safety_filter)
[14.283s] DEBUG:colcon.colcon_parallel_executor.executor.parallel:closing loop
[14.284s] DEBUG:colcon.colcon_parallel_executor.executor.parallel:loop closed
[14.285s] DEBUG:colcon.colcon_parallel_executor.executor.parallel:run_until_complete finished with '0'
[14.287s] DEBUG:colcon.colcon_core.event_reactor:joining thread
[14.488s] INFO:colcon.colcon_core.plugin_system:Skipping extension 'colcon_notification.desktop_notification.notify_send': Could not find 'notify-send'
[14.489s] INFO:colcon.colcon_core.plugin_system:Skipping extension 'colcon_notification.desktop_notification.terminal_notifier': Not used on non-Darwin systems
[14.489s] INFO:colcon.colcon_core.plugin_system:Skipping extension 'colcon_notification.desktop_notification.win32': Not used on non-Windows systems
[14.490s] INFO:colcon.colcon_notification.desktop_notification:Sending desktop notification using 'notify2'
[14.497s] DEBUG:colcon.colcon_notification.desktop_notification.notify2:Failed to initialize notify2: org.freedesktop.DBus.Error.ServiceUnknown: The name org.freedesktop.Notifications was not provided by any .service files
[14.498s] DEBUG:colcon.colcon_core.event_reactor:joined thread
[14.499s] INFO:colcon.colcon_core.shell:Creating prefix script '/mnt/c/Sidarth/robotics/projects_robotics/dsp/ros2_ws/install/local_setup.ps1'
[14.516s] INFO:colcon.colcon_core.shell:Creating prefix util module '/mnt/c/Sidarth/robotics/projects_robotics/dsp/ros2_ws/install/_local_setup_util_ps1.py'
[14.531s] INFO:colcon.colcon_core.shell:Creating prefix chain script '/mnt/c/Sidarth/robotics/projects_robotics/dsp/ros2_ws/install/setup.ps1'
[14.570s] INFO:colcon.colcon_core.shell:Creating prefix script '/mnt/c/Sidarth/robotics/projects_robotics/dsp/ros2_ws/install/local_setup.sh'
[14.588s] INFO:colcon.colcon_core.shell:Creating prefix util module '/mnt/c/Sidarth/robotics/projects_robotics/dsp/ros2_ws/install/_local_setup_util_sh.py'
[14.604s] INFO:colcon.colcon_core.shell:Creating prefix chain script '/mnt/c/Sidarth/robotics/projects_robotics/dsp/ros2_ws/install/setup.sh'
[14.643s] INFO:colcon.colcon_core.shell:Creating prefix script '/mnt/c/Sidarth/robotics/projects_robotics/dsp/ros2_ws/install/local_setup.bash'
[14.656s] INFO:colcon.colcon_core.shell:Creating prefix chain script '/mnt/c/Sidarth/robotics/projects_robotics/dsp/ros2_ws/install/setup.bash'
[14.694s] INFO:colcon.colcon_core.shell:Creating prefix script '/mnt/c/Sidarth/robotics/projects_robotics/dsp/ros2_ws/install/local_setup.zsh'
[14.712s] INFO:colcon.colcon_core.shell:Creating prefix chain script '/mnt/c/Sidarth/robotics/projects_robotics/dsp/ros2_ws/install/setup.zsh'
