[0.929s] DEBUG:colcon:Command line arguments: ['/usr/bin/colcon', 'build', '--packages-select', 'safety_filter']
[0.930s] DEBUG:colcon:Parsed command line arguments: Namespace(log_base=None, log_level=None, verb_name='build', build_base='build', install_base='install', merge_install=False, symlink_install=False, test_result_base=None, continue_on_error=False, executor='parallel', parallel_workers=32, event_handlers=None, ignore_user_meta=False, metas=['./colcon.meta'], base_paths=['.'], packages_ignore=None, packages_ignore_regex=None, paths=None, packages_up_to=None, packages_up_to_regex=None, packages_above=None, packages_above_and_dependencies=None, packages_above_depth=None, packages_select_by_dep=None, packages_skip_by_dep=None, packages_skip_up_to=None, packages_select_build_failed=False, packages_skip_build_finished=False, packages_select_test_failures=False, packages_skip_test_passed=False, packages_select=['safety_filter'], packages_skip=None, packages_select_regex=None, packages_skip_regex=None, packages_start=None, packages_end=None, allow_overriding=[], cmake_args=None, cmake_target=None, cmake_target_skip_unavailable=False, cmake_clean_cache=False, cmake_clean_first=False, cmake_force_configure=False, ament_cmake_args=None, catkin_cmake_args=None, catkin_skip_building_tests=False, mixin_files=None, mixin=None, verb_parser=<colcon_mixin.mixin.mixin_argument.MixinArgumentDecorator object at 0x79ad8a06e5a0>, verb_extension=<colcon_core.verb.build.BuildVerb object at 0x79ad8a06dd60>, main=<bound method BuildVerb.main of <colcon_core.verb.build.BuildVerb object at 0x79ad8a06dd60>>, mixin_verb=('build',))
[1.483s] Level 1:colcon.colcon_core.package_discovery:discover_packages(colcon_meta) check parameters
[1.484s] Level 1:colcon.colcon_core.package_discovery:discover_packages(recursive) check parameters
[1.485s] Level 1:colcon.colcon_core.package_discovery:discover_packages(ignore) check parameters
[1.486s] Level 1:colcon.colcon_core.package_discovery:discover_packages(path) check parameters
[1.486s] Level 1:colcon.colcon_core.package_discovery:discover_packages(colcon_meta) discover
[1.487s] Level 1:colcon.colcon_core.package_discovery:discover_packages(recursive) discover
[1.487s] INFO:colcon.colcon_core.package_discovery:Crawling recursively for packages in '/mnt/c/Sidarth/robotics/projects_robotics/dsp/ros2_ws'
[1.492s] Level 1:colcon.colcon_core.package_identification:_identify(.) by extensions ['ignore', 'ignore_ament_install']
[1.493s] Level 1:colcon.colcon_core.package_identification:_identify(.) by extension 'ignore'
[1.495s] Level 1:colcon.colcon_core.package_identification:_identify(.) by extension 'ignore_ament_install'
[1.496s] Level 1:colcon.colcon_core.package_identification:_identify(.) by extensions ['colcon_pkg']
[1.497s] Level 1:colcon.colcon_core.package_identification:_identify(.) by extension 'colcon_pkg'
[1.498s] Level 1:colcon.colcon_core.package_identification:_identify(.) by extensions ['colcon_meta']
[1.499s] Level 1:colcon.colcon_core.package_identification:_identify(.) by extension 'colcon_meta'
[1.499s] Level 1:colcon.colcon_core.package_identification:_identify(.) by extensions ['ros']
[1.500s] Level 1:colcon.colcon_core.package_identification:_identify(.) by extension 'ros'
[1.575s] Level 1:colcon.colcon_core.package_identification:_identify(.) by extensions ['cmake', 'python']
[1.575s] Level 1:colcon.colcon_core.package_identification:_identify(.) by extension 'cmake'
[1.576s] Level 1:colcon.colcon_core.package_identification:_identify(.) by extension 'python'
[1.577s] Level 1:colcon.colcon_core.package_identification:_identify(.) by extensions ['python_setup_py']
[1.578s] Level 1:colcon.colcon_core.package_identification:_identify(.) by extension 'python_setup_py'
[1.582s] Level 1:colcon.colcon_core.package_identification:_identify(build) by extensions ['ignore', 'ignore_ament_install']
[1.583s] Level 1:colcon.colcon_core.package_identification:_identify(build) by extension 'ignore'
[1.584s] Level 1:colcon.colcon_core.package_identification:_identify(build) ignored
[1.587s] Level 1:colcon.colcon_core.package_identification:_identify(install) by extensions ['ignore', 'ignore_ament_install']
[1.588s] Level 1:colcon.colcon_core.package_identification:_identify(install) by extension 'ignore'
[1.589s] Level 1:colcon.colcon_core.package_identification:_identify(install) ignored
[1.596s] Level 1:colcon.colcon_core.package_identification:_identify(log) by extensions ['ignore', 'ignore_ament_install']
[1.597s] Level 1:colcon.colcon_core.package_identification:_identify(log) by extension 'ignore'
[1.599s] Level 1:colcon.colcon_core.package_identification:_identify(log) ignored
[1.602s] Level 1:colcon.colcon_core.package_identification:_identify(src) by extensions ['ignore', 'ignore_ament_install']
[1.603s] Level 1:colcon.colcon_core.package_identification:_identify(src) by extension 'ignore'
[1.604s] Level 1:colcon.colcon_core.package_identification:_identify(src) by extension 'ignore_ament_install'
[1.606s] Level 1:colcon.colcon_core.package_identification:_identify(src) by extensions ['colcon_pkg']
[1.606s] Level 1:colcon.colcon_core.package_identification:_identify(src) by extension 'colcon_pkg'
[1.607s] Level 1:colcon.colcon_core.package_identification:_identify(src) by extensions ['colcon_meta']
[1.607s] Level 1:colcon.colcon_core.package_identification:_identify(src) by extension 'colcon_meta'
[1.608s] Level 1:colcon.colcon_core.package_identification:_identify(src) by extensions ['ros']
[1.608s] Level 1:colcon.colcon_core.package_identification:_identify(src) by extension 'ros'
[1.612s] Level 1:colcon.colcon_core.package_identification:_identify(src) by extensions ['cmake', 'python']
[1.613s] Level 1:colcon.colcon_core.package_identification:_identify(src) by extension 'cmake'
[1.614s] Level 1:colcon.colcon_core.package_identification:_identify(src) by extension 'python'
[1.615s] Level 1:colcon.colcon_core.package_identification:_identify(src) by extensions ['python_setup_py']
[1.615s] Level 1:colcon.colcon_core.package_identification:_identify(src) by extension 'python_setup_py'
[1.620s] Level 1:colcon.colcon_core.package_identification:_identify(src/safety_filter) by extensions ['ignore', 'ignore_ament_install']
[1.621s] Level 1:colcon.colcon_core.package_identification:_identify(src/safety_filter) by extension 'ignore'
[1.622s] Level 1:colcon.colcon_core.package_identification:_identify(src/safety_filter) by extension 'ignore_ament_install'
[1.625s] Level 1:colcon.colcon_core.package_identification:_identify(src/safety_filter) by extensions ['colcon_pkg']
[1.625s] Level 1:colcon.colcon_core.package_identification:_identify(src/safety_filter) by extension 'colcon_pkg'
[1.627s] Level 1:colcon.colcon_core.package_identification:_identify(src/safety_filter) by extensions ['colcon_meta']
[1.627s] Level 1:colcon.colcon_core.package_identification:_identify(src/safety_filter) by extension 'colcon_meta'
[1.629s] Level 1:colcon.colcon_core.package_identification:_identify(src/safety_filter) by extensions ['ros']
[1.630s] Level 1:colcon.colcon_core.package_identification:_identify(src/safety_filter) by extension 'ros'
[1.647s] DEBUG:colcon.colcon_core.package_identification:Package 'src/safety_filter' with type 'ros.ament_python' and name 'safety_filter'
[1.648s] Level 1:colcon.colcon_core.package_discovery:discover_packages(recursive) using defaults
[1.648s] Level 1:colcon.colcon_core.package_discovery:discover_packages(ignore) discover
[1.649s] Level 1:colcon.colcon_core.package_discovery:discover_packages(ignore) using defaults
[1.649s] Level 1:colcon.colcon_core.package_discovery:discover_packages(path) discover
[1.649s] Level 1:colcon.colcon_core.package_discovery:discover_packages(path) using defaults
[1.835s] Level 1:colcon.colcon_core.package_discovery:discover_packages(prefix_path) check parameters
[1.836s] Level 1:colcon.colcon_core.package_discovery:discover_packages(prefix_path) discover
[1.888s] DEBUG:colcon.colcon_installed_package_information.package_discovery:Found 1 installed packages in /mnt/c/Sidarth/robotics/projects_robotics/dsp/ros2_ws/install
[1.891s] DEBUG:colcon.colcon_installed_package_information.package_discovery:Found 345 installed packages in /opt/ros/jazzy
[1.894s] Level 1:colcon.colcon_core.package_discovery:discover_packages(prefix_path) using defaults
[2.039s] Level 5:colcon.colcon_core.verb:set package 'safety_filter' build argument 'cmake_args' from command line to 'None'
[2.040s] Level 5:colcon.colcon_core.verb:set package 'safety_filter' build argument 'cmake_target' from command line to 'None'
[2.040s] Level 5:colcon.colcon_core.verb:set package 'safety_filter' build argument 'cmake_target_skip_unavailable' from command line to 'False'
[2.041s] Level 5:colcon.colcon_core.verb:set package 'safety_filter' build argument 'cmake_clean_cache' from command line to 'False'
[2.041s] Level 5:colcon.colcon_core.verb:set package 'safety_filter' build argument 'cmake_clean_first' from command line to 'False'
[2.042s] Level 5:colcon.colcon_core.verb:set package 'safety_filter' build argument 'cmake_force_configure' from command line to 'False'
[2.042s] Level 5:colcon.colcon_core.verb:set package 'safety_filter' build argument 'ament_cmake_args' from command line to 'None'
[2.043s] Level 5:colcon.colcon_core.verb:set package 'safety_filter' build argument 'catkin_cmake_args' from command line to 'None'
[2.043s] Level 5:colcon.colcon_core.verb:set package 'safety_filter' build argument 'catkin_skip_building_tests' from command line to 'False'
[2.044s] DEBUG:colcon.colcon_core.verb:Building package 'safety_filter' with the following arguments: {'ament_cmake_args': None, 'build_base': '/mnt/c/Sidarth/robotics/projects_robotics/dsp/ros2_ws/build/safety_filter', 'catkin_cmake_args': None, 'catkin_skip_building_tests': False, 'cmake_args': None, 'cmake_clean_cache': False, 'cmake_clean_first': False, 'cmake_force_configure': False, 'cmake_target': None, 'cmake_target_skip_unavailable': False, 'install_base': '/mnt/c/Sidarth/robotics/projects_robotics/dsp/ros2_ws/install/safety_filter', 'merge_install': False, 'path': '/mnt/c/Sidarth/robotics/projects_robotics/dsp/ros2_ws/src/safety_filter', 'symlink_install': False, 'test_result_base': None}
[2.044s] INFO:colcon.colcon_core.executor:Executing jobs using 'parallel' executor
[2.045s] DEBUG:colcon.colcon_parallel_executor.executor.parallel:run_until_complete
[2.046s] INFO:colcon.colcon_ros.task.ament_python.build:Building ROS package in '/mnt/c/Sidarth/robotics/projects_robotics/dsp/ros2_ws/src/safety_filter' with build type 'ament_python'
[2.046s] Level 1:colcon.colcon_core.shell:create_environment_hook('safety_filter', 'ament_prefix_path')
[2.060s] INFO:colcon.colcon_core.plugin_system:Skipping extension 'colcon_core.shell.bat': Not used on non-Windows systems
[2.060s] INFO:colcon.colcon_core.shell:Creating environment hook '/mnt/c/Sidarth/robotics/projects_robotics/dsp/ros2_ws/install/safety_filter/share/safety_filter/hook/ament_prefix_path.ps1'
[2.087s] INFO:colcon.colcon_core.shell:Creating environment descriptor '/mnt/c/Sidarth/robotics/projects_robotics/dsp/ros2_ws/install/safety_filter/share/safety_filter/hook/ament_prefix_path.dsv'
[2.111s] INFO:colcon.colcon_core.shell:Creating environment hook '/mnt/c/Sidarth/robotics/projects_robotics/dsp/ros2_ws/install/safety_filter/share/safety_filter/hook/ament_prefix_path.sh'
[2.129s] INFO:colcon.colcon_core.shell:Skip shell extension 'powershell' for command environment: Not usable outside of PowerShell
[2.130s] DEBUG:colcon.colcon_core.shell:Skip shell extension 'dsv' for command environment
[3.078s] INFO:colcon.colcon_core.task.python.build:Building Python package in '/mnt/c/Sidarth/robotics/projects_robotics/dsp/ros2_ws/src/safety_filter'
[3.078s] INFO:colcon.colcon_core.shell:Skip shell extension 'powershell' for command environment: Not usable outside of PowerShell
[3.079s] DEBUG:colcon.colcon_core.shell:Skip shell extension 'dsv' for command environment
[6.221s] DEBUG:colcon.colcon_core.event_handler.log_command:Invoking command in '/mnt/c/Sidarth/robotics/projects_robotics/dsp/ros2_ws/src/safety_filter': DEBUGINFOD_URLS=https://debuginfod.ubuntu.com PYTHONPATH=/mnt/c/Sidarth/robotics/projects_robotics/dsp/ros2_ws/build/safety_filter/prefix_override:/usr/lib/python3/dist-packages/colcon_core/task/python/colcon_distutils_commands:/mnt/c/Sidarth/robotics/projects_robotics/dsp/ros2_ws/install/safety_filter/lib/python3.12/site-packages:${PYTHONPATH} /usr/bin/python3 -W ignore:setup.py install is deprecated -W ignore:easy_install command is deprecated setup.py egg_info --egg-base ../../build/safety_filter build --build-base /mnt/c/Sidarth/robotics/projects_robotics/dsp/ros2_ws/build/safety_filter/build install --record /mnt/c/Sidarth/robotics/projects_robotics/dsp/ros2_ws/build/safety_filter/install.log --single-version-externally-managed install_data
[11.733s] DEBUG:colcon.colcon_core.event_handler.log_command:Invoked command in '/mnt/c/Sidarth/robotics/projects_robotics/dsp/ros2_ws/src/safety_filter' returned '0': DEBUGINFOD_URLS=https://debuginfod.ubuntu.com PYTHONPATH=/mnt/c/Sidarth/robotics/projects_robotics/dsp/ros2_ws/build/safety_filter/prefix_override:/usr/lib/python3/dist-packages/colcon_core/task/python/colcon_distutils_commands:/mnt/c/Sidarth/robotics/projects_robotics/dsp/ros2_ws/install/safety_filter/lib/python3.12/site-packages:${PYTHONPATH} /usr/bin/python3 -W ignore:setup.py install is deprecated -W ignore:easy_install command is deprecated setup.py egg_info --egg-base ../../build/safety_filter build --build-base /mnt/c/Sidarth/robotics/projects_robotics/dsp/ros2_ws/build/safety_filter/build install --record /mnt/c/Sidarth/robotics/projects_robotics/dsp/ros2_ws/build/safety_filter/install.log --single-version-externally-managed install_data
[11.750s] Level 1:colcon.colcon_core.environment:checking '/mnt/c/Sidarth/robotics/projects_robotics/dsp/ros2_ws/install/safety_filter' for CMake module files
[11.858s] Level 1:colcon.colcon_core.environment:checking '/mnt/c/Sidarth/robotics/projects_robotics/dsp/ros2_ws/install/safety_filter' for CMake config files
[12.378s] Level 1:colcon.colcon_core.environment:checking '/mnt/c/Sidarth/robotics/projects_robotics/dsp/ros2_ws/install/safety_filter/lib'
[12.424s] Level 1:colcon.colcon_core.environment:checking '/mnt/c/Sidarth/robotics/projects_robotics/dsp/ros2_ws/install/safety_filter/bin'
[12.435s] Level 1:colcon.colcon_core.environment:checking '/mnt/c/Sidarth/robotics/projects_robotics/dsp/ros2_ws/install/safety_filter/lib/pkgconfig/safety_filter.pc'
[12.451s] Level 1:colcon.colcon_core.environment:checking '/mnt/c/Sidarth/robotics/projects_robotics/dsp/ros2_ws/install/safety_filter/lib/python3.12/site-packages'
[12.464s] Level 1:colcon.colcon_core.shell:create_environment_hook('safety_filter', 'pythonpath')
[12.465s] INFO:colcon.colcon_core.shell:Creating environment hook '/mnt/c/Sidarth/robotics/projects_robotics/dsp/ros2_ws/install/safety_filter/share/safety_filter/hook/pythonpath.ps1'
[12.524s] INFO:colcon.colcon_core.shell:Creating environment descriptor '/mnt/c/Sidarth/robotics/projects_robotics/dsp/ros2_ws/install/safety_filter/share/safety_filter/hook/pythonpath.dsv'
[12.556s] INFO:colcon.colcon_core.shell:Creating environment hook '/mnt/c/Sidarth/robotics/projects_robotics/dsp/ros2_ws/install/safety_filter/share/safety_filter/hook/pythonpath.sh'
[12.582s] Level 1:colcon.colcon_core.environment:checking '/mnt/c/Sidarth/robotics/projects_robotics/dsp/ros2_ws/install/safety_filter/bin'
[12.583s] Level 1:colcon.colcon_core.environment:create_environment_scripts_only(safety_filter)
[12.584s] INFO:colcon.colcon_core.shell:Creating package script '/mnt/c/Sidarth/robotics/projects_robotics/dsp/ros2_ws/install/safety_filter/share/safety_filter/package.ps1'
[12.599s] INFO:colcon.colcon_core.shell:Creating package descriptor '/mnt/c/Sidarth/robotics/projects_robotics/dsp/ros2_ws/install/safety_filter/share/safety_filter/package.dsv'
[12.618s] INFO:colcon.colcon_core.shell:Creating package script '/mnt/c/Sidarth/robotics/projects_robotics/dsp/ros2_ws/install/safety_filter/share/safety_filter/package.sh'
[12.632s] INFO:colcon.colcon_core.shell:Creating package script '/mnt/c/Sidarth/robotics/projects_robotics/dsp/ros2_ws/install/safety_filter/share/safety_filter/package.bash'
[12.651s] INFO:colcon.colcon_core.shell:Creating package script '/mnt/c/Sidarth/robotics/projects_robotics/dsp/ros2_ws/install/safety_filter/share/safety_filter/package.zsh'
[12.666s] Level 1:colcon.colcon_core.environment:create_file_with_runtime_dependencies(/mnt/c/Sidarth/robotics/projects_robotics/dsp/ros2_ws/install/safety_filter/share/colcon-core/packages/safety_filter)
[12.680s] DEBUG:colcon.colcon_parallel_executor.executor.parallel:closing loop
[12.681s] DEBUG:colcon.colcon_parallel_executor.executor.parallel:loop closed
[12.681s] DEBUG:colcon.colcon_parallel_executor.executor.parallel:run_until_complete finished with '0'
[12.681s] DEBUG:colcon.colcon_core.event_reactor:joining thread
[12.889s] INFO:colcon.colcon_core.plugin_system:Skipping extension 'colcon_notification.desktop_notification.notify_send': Could not find 'notify-send'
[12.890s] INFO:colcon.colcon_core.plugin_system:Skipping extension 'colcon_notification.desktop_notification.terminal_notifier': Not used on non-Darwin systems
[12.891s] INFO:colcon.colcon_core.plugin_system:Skipping extension 'colcon_notification.desktop_notification.win32': Not used on non-Windows systems
[12.891s] INFO:colcon.colcon_notification.desktop_notification:Sending desktop notification using 'notify2'
[12.895s] DEBUG:colcon.colcon_notification.desktop_notification.notify2:Failed to initialize notify2: org.freedesktop.DBus.Error.ServiceUnknown: The name org.freedesktop.Notifications was not provided by any .service files
[12.896s] DEBUG:colcon.colcon_core.event_reactor:joined thread
[12.897s] INFO:colcon.colcon_core.shell:Creating prefix script '/mnt/c/Sidarth/robotics/projects_robotics/dsp/ros2_ws/install/local_setup.ps1'
[12.909s] INFO:colcon.colcon_core.shell:Creating prefix util module '/mnt/c/Sidarth/robotics/projects_robotics/dsp/ros2_ws/install/_local_setup_util_ps1.py'
[12.932s] INFO:colcon.colcon_core.shell:Creating prefix chain script '/mnt/c/Sidarth/robotics/projects_robotics/dsp/ros2_ws/install/setup.ps1'
[12.983s] INFO:colcon.colcon_core.shell:Creating prefix script '/mnt/c/Sidarth/robotics/projects_robotics/dsp/ros2_ws/install/local_setup.sh'
[13.025s] INFO:colcon.colcon_core.shell:Creating prefix util module '/mnt/c/Sidarth/robotics/projects_robotics/dsp/ros2_ws/install/_local_setup_util_sh.py'
[13.037s] INFO:colcon.colcon_core.shell:Creating prefix chain script '/mnt/c/Sidarth/robotics/projects_robotics/dsp/ros2_ws/install/setup.sh'
[13.108s] INFO:colcon.colcon_core.shell:Creating prefix script '/mnt/c/Sidarth/robotics/projects_robotics/dsp/ros2_ws/install/local_setup.bash'
[13.120s] INFO:colcon.colcon_core.shell:Creating prefix chain script '/mnt/c/Sidarth/robotics/projects_robotics/dsp/ros2_ws/install/setup.bash'
[13.144s] INFO:colcon.colcon_core.shell:Creating prefix script '/mnt/c/Sidarth/robotics/projects_robotics/dsp/ros2_ws/install/local_setup.zsh'
[13.153s] INFO:colcon.colcon_core.shell:Creating prefix chain script '/mnt/c/Sidarth/robotics/projects_robotics/dsp/ros2_ws/install/setup.zsh'
