[0.321s] DEBUG:colcon:Command line arguments: ['/usr/bin/colcon', 'build', '--packages-select', 'safety_filter']
[0.322s] DEBUG:colcon:Parsed command line arguments: Namespace(log_base=None, log_level=None, verb_name='build', build_base='build', install_base='install', merge_install=False, symlink_install=False, test_result_base=None, continue_on_error=False, executor='parallel', parallel_workers=32, event_handlers=None, ignore_user_meta=False, metas=['./colcon.meta'], base_paths=['.'], packages_ignore=None, packages_ignore_regex=None, paths=None, packages_up_to=None, packages_up_to_regex=None, packages_above=None, packages_above_and_dependencies=None, packages_above_depth=None, packages_select_by_dep=None, packages_skip_by_dep=None, packages_skip_up_to=None, packages_select_build_failed=False, packages_skip_build_finished=False, packages_select_test_failures=False, packages_skip_test_passed=False, packages_select=['safety_filter'], packages_skip=None, packages_select_regex=None, packages_skip_regex=None, packages_start=None, packages_end=None, allow_overriding=[], cmake_args=None, cmake_target=None, cmake_target_skip_unavailable=False, cmake_clean_cache=False, cmake_clean_first=False, cmake_force_configure=False, ament_cmake_args=None, catkin_cmake_args=None, catkin_skip_building_tests=False, mixin_files=None, mixin=None, verb_parser=<colcon_mixin.mixin.mixin_argument.MixinArgumentDecorator object at 0x782ffa8fc3e0>, verb_extension=<colcon_core.verb.build.BuildVerb object at 0x782ffa75d280>, main=<bound method BuildVerb.main of <colcon_core.verb.build.BuildVerb object at 0x782ffa75d280>>, mixin_verb=('build',))
[0.437s] Level 1:colcon.colcon_core.package_discovery:discover_packages(colcon_meta) check parameters
[0.437s] Level 1:colcon.colcon_core.package_discovery:discover_packages(recursive) check parameters
[0.438s] Level 1:colcon.colcon_core.package_discovery:discover_packages(ignore) check parameters
[0.438s] Level 1:colcon.colcon_core.package_discovery:discover_packages(path) check parameters
[0.439s] Level 1:colcon.colcon_core.package_discovery:discover_packages(colcon_meta) discover
[0.439s] Level 1:colcon.colcon_core.package_discovery:discover_packages(recursive) discover
[0.440s] INFO:colcon.colcon_core.package_discovery:Crawling recursively for packages in '/mnt/c/Sidarth/robotics/projects_robotics/dsp/ros2_ws'
[0.443s] Level 1:colcon.colcon_core.package_identification:_identify(.) by extensions ['ignore', 'ignore_ament_install']
[0.443s] Level 1:colcon.colcon_core.package_identification:_identify(.) by extension 'ignore'
[0.444s] Level 1:colcon.colcon_core.package_identification:_identify(.) by extension 'ignore_ament_install'
[0.444s] Level 1:colcon.colcon_core.package_identification:_identify(.) by extensions ['colcon_pkg']
[0.445s] Level 1:colcon.colcon_core.package_identification:_identify(.) by extension 'colcon_pkg'
[0.446s] Level 1:colcon.colcon_core.package_identification:_identify(.) by extensions ['colcon_meta']
[0.446s] Level 1:colcon.colcon_core.package_identification:_identify(.) by extension 'colcon_meta'
[0.446s] Level 1:colcon.colcon_core.package_identification:_identify(.) by extensions ['ros']
[0.446s] Level 1:colcon.colcon_core.package_identification:_identify(.) by extension 'ros'
[0.482s] Level 1:colcon.colcon_core.package_identification:_identify(.) by extensions ['cmake', 'python']
[0.483s] Level 1:colcon.colcon_core.package_identification:_identify(.) by extension 'cmake'
[0.483s] Level 1:colcon.colcon_core.package_identification:_identify(.) by extension 'python'
[0.484s] Level 1:colcon.colcon_core.package_identification:_identify(.) by extensions ['python_setup_py']
[0.484s] Level 1:colcon.colcon_core.package_identification:_identify(.) by extension 'python_setup_py'
[0.487s] Level 1:colcon.colcon_core.package_identification:_identify(build) by extensions ['ignore', 'ignore_ament_install']
[0.488s] Level 1:colcon.colcon_core.package_identification:_identify(build) by extension 'ignore'
[0.489s] Level 1:colcon.colcon_core.package_identification:_identify(build) ignored
[0.492s] Level 1:colcon.colcon_core.package_identification:_identify(install) by extensions ['ignore', 'ignore_ament_install']
[0.493s] Level 1:colcon.colcon_core.package_identification:_identify(install) by extension 'ignore'
[0.494s] Level 1:colcon.colcon_core.package_identification:_identify(install) ignored
[0.499s] Level 1:colcon.colcon_core.package_identification:_identify(log) by extensions ['ignore', 'ignore_ament_install']
[0.500s] Level 1:colcon.colcon_core.package_identification:_identify(log) by extension 'ignore'
[0.501s] Level 1:colcon.colcon_core.package_identification:_identify(log) ignored
[0.503s] Level 1:colcon.colcon_core.package_identification:_identify(src) by extensions ['ignore', 'ignore_ament_install']
[0.504s] Level 1:colcon.colcon_core.package_identification:_identify(src) by extension 'ignore'
[0.505s] Level 1:colcon.colcon_core.package_identification:_identify(src) by extension 'ignore_ament_install'
[0.507s] Level 1:colcon.colcon_core.package_identification:_identify(src) by extensions ['colcon_pkg']
[0.507s] Level 1:colcon.colcon_core.package_identification:_identify(src) by extension 'colcon_pkg'
[0.508s] Level 1:colcon.colcon_core.package_identification:_identify(src) by extensions ['colcon_meta']
[0.508s] Level 1:colcon.colcon_core.package_identification:_identify(src) by extension 'colcon_meta'
[0.509s] Level 1:colcon.colcon_core.package_identification:_identify(src) by extensions ['ros']
[0.509s] Level 1:colcon.colcon_core.package_identification:_identify(src) by extension 'ros'
[0.513s] Level 1:colcon.colcon_core.package_identification:_identify(src) by extensions ['cmake', 'python']
[0.513s] Level 1:colcon.colcon_core.package_identification:_identify(src) by extension 'cmake'
[0.514s] Level 1:colcon.colcon_core.package_identification:_identify(src) by extension 'python'
[0.515s] Level 1:colcon.colcon_core.package_identification:_identify(src) by extensions ['python_setup_py']
[0.515s] Level 1:colcon.colcon_core.package_identification:_identify(src) by extension 'python_setup_py'
[0.521s] Level 1:colcon.colcon_core.package_identification:_identify(src/safety_filter) by extensions ['ignore', 'ignore_ament_install']
[0.522s] Level 1:colcon.colcon_core.package_identification:_identify(src/safety_filter) by extension 'ignore'
[0.524s] Level 1:colcon.colcon_core.package_identification:_identify(src/safety_filter) by extension 'ignore_ament_install'
[0.527s] Level 1:colcon.colcon_core.package_identification:_identify(src/safety_filter) by extensions ['colcon_pkg']
[0.528s] Level 1:colcon.colcon_core.package_identification:_identify(src/safety_filter) by extension 'colcon_pkg'
[0.529s] Level 1:colcon.colcon_core.package_identification:_identify(src/safety_filter) by extensions ['colcon_meta']
[0.529s] Level 1:colcon.colcon_core.package_identification:_identify(src/safety_filter) by extension 'colcon_meta'
[0.532s] Level 1:colcon.colcon_core.package_identification:_identify(src/safety_filter) by extensions ['ros']
[0.532s] Level 1:colcon.colcon_core.package_identification:_identify(src/safety_filter) by extension 'ros'
[0.622s] DEBUG:colcon.colcon_core.package_identification:Package 'src/safety_filter' with type 'ros.ament_python' and name 'safety_filter'
[0.624s] Level 1:colcon.colcon_core.package_discovery:discover_packages(recursive) using defaults
[0.626s] Level 1:colcon.colcon_core.package_discovery:discover_packages(ignore) discover
[0.627s] Level 1:colcon.colcon_core.package_discovery:discover_packages(ignore) using defaults
[0.628s] Level 1:colcon.colcon_core.package_discovery:discover_packages(path) discover
[0.629s] Level 1:colcon.colcon_core.package_discovery:discover_packages(path) using defaults
[0.713s] Level 1:colcon.colcon_core.package_discovery:discover_packages(prefix_path) check parameters
[0.713s] Level 1:colcon.colcon_core.package_discovery:discover_packages(prefix_path) discover
[0.721s] DEBUG:colcon.colcon_installed_package_information.package_discovery:Found 345 installed packages in /opt/ros/jazzy
[0.724s] Level 1:colcon.colcon_core.package_discovery:discover_packages(prefix_path) using defaults
[0.776s] Level 5:colcon.colcon_core.verb:set package 'safety_filter' build argument 'cmake_args' from command line to 'None'
[0.776s] Level 5:colcon.colcon_core.verb:set package 'safety_filter' build argument 'cmake_target' from command line to 'None'
[0.777s] Level 5:colcon.colcon_core.verb:set package 'safety_filter' build argument 'cmake_target_skip_unavailable' from command line to 'False'
[0.777s] Level 5:colcon.colcon_core.verb:set package 'safety_filter' build argument 'cmake_clean_cache' from command line to 'False'
[0.777s] Level 5:colcon.colcon_core.verb:set package 'safety_filter' build argument 'cmake_clean_first' from command line to 'False'
[0.777s] Level 5:colcon.colcon_core.verb:set package 'safety_filter' build argument 'cmake_force_configure' from command line to 'False'
[0.777s] Level 5:colcon.colcon_core.verb:set package 'safety_filter' build argument 'ament_cmake_args' from command line to 'None'
[0.778s] Level 5:colcon.colcon_core.verb:set package 'safety_filter' build argument 'catkin_cmake_args' from command line to 'None'
[0.778s] Level 5:colcon.colcon_core.verb:set package 'safety_filter' build argument 'catkin_skip_building_tests' from command line to 'False'
[0.778s] DEBUG:colcon.colcon_core.verb:Building package 'safety_filter' with the following arguments: {'ament_cmake_args': None, 'build_base': '/mnt/c/Sidarth/robotics/projects_robotics/dsp/ros2_ws/build/safety_filter', 'catkin_cmake_args': None, 'catkin_skip_building_tests': False, 'cmake_args': None, 'cmake_clean_cache': False, 'cmake_clean_first': False, 'cmake_force_configure': False, 'cmake_target': None, 'cmake_target_skip_unavailable': False, 'install_base': '/mnt/c/Sidarth/robotics/projects_robotics/dsp/ros2_ws/install/safety_filter', 'merge_install': False, 'path': '/mnt/c/Sidarth/robotics/projects_robotics/dsp/ros2_ws/src/safety_filter', 'symlink_install': False, 'test_result_base': None}
[0.778s] INFO:colcon.colcon_core.executor:Executing jobs using 'parallel' executor
[0.779s] DEBUG:colcon.colcon_parallel_executor.executor.parallel:run_until_complete
[0.780s] INFO:colcon.colcon_ros.task.ament_python.build:Building ROS package in '/mnt/c/Sidarth/robotics/projects_robotics/dsp/ros2_ws/src/safety_filter' with build type 'ament_python'
[0.780s] Level 1:colcon.colcon_core.shell:create_environment_hook('safety_filter', 'ament_prefix_path')
[0.787s] INFO:colcon.colcon_core.plugin_system:Skipping extension 'colcon_core.shell.bat': Not used on non-Windows systems
[0.788s] INFO:colcon.colcon_core.shell:Creating environment hook '/mnt/c/Sidarth/robotics/projects_robotics/dsp/ros2_ws/install/safety_filter/share/safety_filter/hook/ament_prefix_path.ps1'
[0.856s] INFO:colcon.colcon_core.shell:Creating environment descriptor '/mnt/c/Sidarth/robotics/projects_robotics/dsp/ros2_ws/install/safety_filter/share/safety_filter/hook/ament_prefix_path.dsv'
[0.977s] INFO:colcon.colcon_core.shell:Creating environment hook '/mnt/c/Sidarth/robotics/projects_robotics/dsp/ros2_ws/install/safety_filter/share/safety_filter/hook/ament_prefix_path.sh'
[1.016s] INFO:colcon.colcon_core.shell:Skip shell extension 'powershell' for command environment: Not usable outside of PowerShell
[1.017s] DEBUG:colcon.colcon_core.shell:Skip shell extension 'dsv' for command environment
[1.668s] INFO:colcon.colcon_core.task.python.build:Building Python package in '/mnt/c/Sidarth/robotics/projects_robotics/dsp/ros2_ws/src/safety_filter'
[1.669s] INFO:colcon.colcon_core.shell:Skip shell extension 'powershell' for command environment: Not usable outside of PowerShell
[1.670s] DEBUG:colcon.colcon_core.shell:Skip shell extension 'dsv' for command environment
[5.778s] DEBUG:colcon.colcon_core.event_handler.log_command:Invoking command in '/mnt/c/Sidarth/robotics/projects_robotics/dsp/ros2_ws/src/safety_filter': DEBUGINFOD_URLS=https://debuginfod.ubuntu.com PYTHONPATH=/mnt/c/Sidarth/robotics/projects_robotics/dsp/ros2_ws/build/safety_filter/prefix_override:/usr/lib/python3/dist-packages/colcon_core/task/python/colcon_distutils_commands:/mnt/c/Sidarth/robotics/projects_robotics/dsp/ros2_ws/install/safety_filter/lib/python3.12/site-packages:${PYTHONPATH} /usr/bin/python3 -W ignore:setup.py install is deprecated -W ignore:easy_install command is deprecated setup.py egg_info --egg-base ../../build/safety_filter build --build-base /mnt/c/Sidarth/robotics/projects_robotics/dsp/ros2_ws/build/safety_filter/build install --record /mnt/c/Sidarth/robotics/projects_robotics/dsp/ros2_ws/build/safety_filter/install.log --single-version-externally-managed install_data
[11.316s] DEBUG:colcon.colcon_core.event_handler.log_command:Invoked command in '/mnt/c/Sidarth/robotics/projects_robotics/dsp/ros2_ws/src/safety_filter' returned '0': DEBUGINFOD_URLS=https://debuginfod.ubuntu.com PYTHONPATH=/mnt/c/Sidarth/robotics/projects_robotics/dsp/ros2_ws/build/safety_filter/prefix_override:/usr/lib/python3/dist-packages/colcon_core/task/python/colcon_distutils_commands:/mnt/c/Sidarth/robotics/projects_robotics/dsp/ros2_ws/install/safety_filter/lib/python3.12/site-packages:${PYTHONPATH} /usr/bin/python3 -W ignore:setup.py install is deprecated -W ignore:easy_install command is deprecated setup.py egg_info --egg-base ../../build/safety_filter build --build-base /mnt/c/Sidarth/robotics/projects_robotics/dsp/ros2_ws/build/safety_filter/build install --record /mnt/c/Sidarth/robotics/projects_robotics/dsp/ros2_ws/build/safety_filter/install.log --single-version-externally-managed install_data
[11.323s] Level 1:colcon.colcon_core.environment:checking '/mnt/c/Sidarth/robotics/projects_robotics/dsp/ros2_ws/install/safety_filter' for CMake module files
[11.503s] Level 1:colcon.colcon_core.environment:checking '/mnt/c/Sidarth/robotics/projects_robotics/dsp/ros2_ws/install/safety_filter' for CMake config files
[11.944s] Level 1:colcon.colcon_core.environment:checking '/mnt/c/Sidarth/robotics/projects_robotics/dsp/ros2_ws/install/safety_filter/lib'
[11.957s] Level 1:colcon.colcon_core.environment:checking '/mnt/c/Sidarth/robotics/projects_robotics/dsp/ros2_ws/install/safety_filter/bin'
[11.964s] Level 1:colcon.colcon_core.environment:checking '/mnt/c/Sidarth/robotics/projects_robotics/dsp/ros2_ws/install/safety_filter/lib/pkgconfig/safety_filter.pc'
[11.970s] Level 1:colcon.colcon_core.environment:checking '/mnt/c/Sidarth/robotics/projects_robotics/dsp/ros2_ws/install/safety_filter/lib/python3.12/site-packages'
[11.979s] Level 1:colcon.colcon_core.shell:create_environment_hook('safety_filter', 'pythonpath')
[11.981s] INFO:colcon.colcon_core.shell:Creating environment hook '/mnt/c/Sidarth/robotics/projects_robotics/dsp/ros2_ws/install/safety_filter/share/safety_filter/hook/pythonpath.ps1'
[12.074s] INFO:colcon.colcon_core.shell:Creating environment descriptor '/mnt/c/Sidarth/robotics/projects_robotics/dsp/ros2_ws/install/safety_filter/share/safety_filter/hook/pythonpath.dsv'
[12.177s] INFO:colcon.colcon_core.shell:Creating environment hook '/mnt/c/Sidarth/robotics/projects_robotics/dsp/ros2_ws/install/safety_filter/share/safety_filter/hook/pythonpath.sh'
[12.252s] Level 1:colcon.colcon_core.environment:checking '/mnt/c/Sidarth/robotics/projects_robotics/dsp/ros2_ws/install/safety_filter/bin'
[12.259s] Level 1:colcon.colcon_core.environment:create_environment_scripts_only(safety_filter)
[12.260s] INFO:colcon.colcon_core.shell:Creating package script '/mnt/c/Sidarth/robotics/projects_robotics/dsp/ros2_ws/install/safety_filter/share/safety_filter/package.ps1'
[12.382s] INFO:colcon.colcon_core.shell:Creating package descriptor '/mnt/c/Sidarth/robotics/projects_robotics/dsp/ros2_ws/install/safety_filter/share/safety_filter/package.dsv'
[12.470s] INFO:colcon.colcon_core.shell:Creating package script '/mnt/c/Sidarth/robotics/projects_robotics/dsp/ros2_ws/install/safety_filter/share/safety_filter/package.sh'
[12.564s] INFO:colcon.colcon_core.shell:Creating package script '/mnt/c/Sidarth/robotics/projects_robotics/dsp/ros2_ws/install/safety_filter/share/safety_filter/package.bash'
[12.649s] INFO:colcon.colcon_core.shell:Creating package script '/mnt/c/Sidarth/robotics/projects_robotics/dsp/ros2_ws/install/safety_filter/share/safety_filter/package.zsh'
[12.736s] Level 1:colcon.colcon_core.environment:create_file_with_runtime_dependencies(/mnt/c/Sidarth/robotics/projects_robotics/dsp/ros2_ws/install/safety_filter/share/colcon-core/packages/safety_filter)
[12.803s] DEBUG:colcon.colcon_parallel_executor.executor.parallel:closing loop
[12.804s] DEBUG:colcon.colcon_parallel_executor.executor.parallel:loop closed
[12.805s] DEBUG:colcon.colcon_parallel_executor.executor.parallel:run_until_complete finished with '0'
[12.806s] DEBUG:colcon.colcon_core.event_reactor:joining thread
[12.968s] INFO:colcon.colcon_core.plugin_system:Skipping extension 'colcon_notification.desktop_notification.notify_send': Could not find 'notify-send'
[12.969s] INFO:colcon.colcon_core.plugin_system:Skipping extension 'colcon_notification.desktop_notification.terminal_notifier': Not used on non-Darwin systems
[12.970s] INFO:colcon.colcon_core.plugin_system:Skipping extension 'colcon_notification.desktop_notification.win32': Not used on non-Windows systems
[12.970s] INFO:colcon.colcon_notification.desktop_notification:Sending desktop notification using 'notify2'
[13.007s] DEBUG:colcon.colcon_notification.desktop_notification.notify2:Failed to initialize notify2: org.freedesktop.DBus.Error.ServiceUnknown: The name org.freedesktop.Notifications was not provided by any .service files
[13.008s] DEBUG:colcon.colcon_core.event_reactor:joined thread
[13.009s] INFO:colcon.colcon_core.shell:Creating prefix script '/mnt/c/Sidarth/robotics/projects_robotics/dsp/ros2_ws/install/local_setup.ps1'
[13.093s] INFO:colcon.colcon_core.shell:Creating prefix util module '/mnt/c/Sidarth/robotics/projects_robotics/dsp/ros2_ws/install/_local_setup_util_ps1.py'
[13.192s] INFO:colcon.colcon_core.shell:Creating prefix chain script '/mnt/c/Sidarth/robotics/projects_robotics/dsp/ros2_ws/install/setup.ps1'
[13.312s] INFO:colcon.colcon_core.shell:Creating prefix script '/mnt/c/Sidarth/robotics/projects_robotics/dsp/ros2_ws/install/local_setup.sh'
[13.427s] INFO:colcon.colcon_core.shell:Creating prefix util module '/mnt/c/Sidarth/robotics/projects_robotics/dsp/ros2_ws/install/_local_setup_util_sh.py'
[13.504s] INFO:colcon.colcon_core.shell:Creating prefix chain script '/mnt/c/Sidarth/robotics/projects_robotics/dsp/ros2_ws/install/setup.sh'
[13.563s] INFO:colcon.colcon_core.shell:Creating prefix script '/mnt/c/Sidarth/robotics/projects_robotics/dsp/ros2_ws/install/local_setup.bash'
[13.642s] INFO:colcon.colcon_core.shell:Creating prefix chain script '/mnt/c/Sidarth/robotics/projects_robotics/dsp/ros2_ws/install/setup.bash'
[13.710s] INFO:colcon.colcon_core.shell:Creating prefix script '/mnt/c/Sidarth/robotics/projects_robotics/dsp/ros2_ws/install/local_setup.zsh'
[13.797s] INFO:colcon.colcon_core.shell:Creating prefix chain script '/mnt/c/Sidarth/robotics/projects_robotics/dsp/ros2_ws/install/setup.zsh'
