[0.992s] DEBUG:colcon:Command line arguments: ['/usr/bin/colcon', 'build', '--packages-select', 'safety_filter']
[0.993s] DEBUG:colcon:Parsed command line arguments: Namespace(log_base=None, log_level=None, verb_name='build', build_base='build', install_base='install', merge_install=False, symlink_install=False, test_result_base=None, continue_on_error=False, executor='parallel', parallel_workers=32, event_handlers=None, ignore_user_meta=False, metas=['./colcon.meta'], base_paths=['.'], packages_ignore=None, packages_ignore_regex=None, paths=None, packages_up_to=None, packages_up_to_regex=None, packages_above=None, packages_above_and_dependencies=None, packages_above_depth=None, packages_select_by_dep=None, packages_skip_by_dep=None, packages_skip_up_to=None, packages_select_build_failed=False, packages_skip_build_finished=False, packages_select_test_failures=False, packages_skip_test_passed=False, packages_select=['safety_filter'], packages_skip=None, packages_select_regex=None, packages_skip_regex=None, packages_start=None, packages_end=None, allow_overriding=[], cmake_args=None, cmake_target=None, cmake_target_skip_unavailable=False, cmake_clean_cache=False, cmake_clean_first=False, cmake_force_configure=False, ament_cmake_args=None, catkin_cmake_args=None, catkin_skip_building_tests=False, mixin_files=None, mixin=None, verb_parser=<colcon_mixin.mixin.mixin_argument.MixinArgumentDecorator object at 0x77c6bf249f40>, verb_extension=<colcon_core.verb.build.BuildVerb object at 0x77c6bf2497c0>, main=<bound method BuildVerb.main of <colcon_core.verb.build.BuildVerb object at 0x77c6bf2497c0>>, mixin_verb=('build',))
[1.202s] Level 1:colcon.colcon_core.package_discovery:discover_packages(colcon_meta) check parameters
[1.206s] Level 1:colcon.colcon_core.package_discovery:discover_packages(recursive) check parameters
[1.206s] Level 1:colcon.colcon_core.package_discovery:discover_packages(ignore) check parameters
[1.206s] Level 1:colcon.colcon_core.package_discovery:discover_packages(path) check parameters
[1.207s] Level 1:colcon.colcon_core.package_discovery:discover_packages(colcon_meta) discover
[1.207s] Level 1:colcon.colcon_core.package_discovery:discover_packages(recursive) discover
[1.208s] INFO:colcon.colcon_core.package_discovery:Crawling recursively for packages in '/mnt/c/Sidarth/robotics/projects_robotics/dsp/ros2_ws'
[1.210s] Level 1:colcon.colcon_core.package_identification:_identify(.) by extensions ['ignore', 'ignore_ament_install']
[1.211s] Level 1:colcon.colcon_core.package_identification:_identify(.) by extension 'ignore'
[1.213s] Level 1:colcon.colcon_core.package_identification:_identify(.) by extension 'ignore_ament_install'
[1.214s] Level 1:colcon.colcon_core.package_identification:_identify(.) by extensions ['colcon_pkg']
[1.214s] Level 1:colcon.colcon_core.package_identification:_identify(.) by extension 'colcon_pkg'
[1.215s] Level 1:colcon.colcon_core.package_identification:_identify(.) by extensions ['colcon_meta']
[1.216s] Level 1:colcon.colcon_core.package_identification:_identify(.) by extension 'colcon_meta'
[1.216s] Level 1:colcon.colcon_core.package_identification:_identify(.) by extensions ['ros']
[1.216s] Level 1:colcon.colcon_core.package_identification:_identify(.) by extension 'ros'
[1.269s] Level 1:colcon.colcon_core.package_identification:_identify(.) by extensions ['cmake', 'python']
[1.270s] Level 1:colcon.colcon_core.package_identification:_identify(.) by extension 'cmake'
[1.271s] Level 1:colcon.colcon_core.package_identification:_identify(.) by extension 'python'
[1.272s] Level 1:colcon.colcon_core.package_identification:_identify(.) by extensions ['python_setup_py']
[1.272s] Level 1:colcon.colcon_core.package_identification:_identify(.) by extension 'python_setup_py'
[1.283s] Level 1:colcon.colcon_core.package_identification:_identify(build) by extensions ['ignore', 'ignore_ament_install']
[1.283s] Level 1:colcon.colcon_core.package_identification:_identify(build) by extension 'ignore'
[1.286s] Level 1:colcon.colcon_core.package_identification:_identify(build) ignored
[1.292s] Level 1:colcon.colcon_core.package_identification:_identify(install) by extensions ['ignore', 'ignore_ament_install']
[1.292s] Level 1:colcon.colcon_core.package_identification:_identify(install) by extension 'ignore'
[1.296s] Level 1:colcon.colcon_core.package_identification:_identify(install) ignored
[1.305s] Level 1:colcon.colcon_core.package_identification:_identify(log) by extensions ['ignore', 'ignore_ament_install']
[1.305s] Level 1:colcon.colcon_core.package_identification:_identify(log) by extension 'ignore'
[1.346s] Level 1:colcon.colcon_core.package_identification:_identify(log) ignored
[1.402s] Level 1:colcon.colcon_core.package_identification:_identify(src) by extensions ['ignore', 'ignore_ament_install']
[1.403s] Level 1:colcon.colcon_core.package_identification:_identify(src) by extension 'ignore'
[1.406s] Level 1:colcon.colcon_core.package_identification:_identify(src) by extension 'ignore_ament_install'
[1.411s] Level 1:colcon.colcon_core.package_identification:_identify(src) by extensions ['colcon_pkg']
[1.413s] Level 1:colcon.colcon_core.package_identification:_identify(src) by extension 'colcon_pkg'
[1.416s] Level 1:colcon.colcon_core.package_identification:_identify(src) by extensions ['colcon_meta']
[1.417s] Level 1:colcon.colcon_core.package_identification:_identify(src) by extension 'colcon_meta'
[1.419s] Level 1:colcon.colcon_core.package_identification:_identify(src) by extensions ['ros']
[1.420s] Level 1:colcon.colcon_core.package_identification:_identify(src) by extension 'ros'
[1.430s] Level 1:colcon.colcon_core.package_identification:_identify(src) by extensions ['cmake', 'python']
[1.442s] Level 1:colcon.colcon_core.package_identification:_identify(src) by extension 'cmake'
[1.456s] Level 1:colcon.colcon_core.package_identification:_identify(src) by extension 'python'
[1.458s] Level 1:colcon.colcon_core.package_identification:_identify(src) by extensions ['python_setup_py']
[1.459s] Level 1:colcon.colcon_core.package_identification:_identify(src) by extension 'python_setup_py'
[1.473s] Level 1:colcon.colcon_core.package_identification:_identify(src/safety_filter) by extensions ['ignore', 'ignore_ament_install']
[1.474s] Level 1:colcon.colcon_core.package_identification:_identify(src/safety_filter) by extension 'ignore'
[1.479s] Level 1:colcon.colcon_core.package_identification:_identify(src/safety_filter) by extension 'ignore_ament_install'
[1.484s] Level 1:colcon.colcon_core.package_identification:_identify(src/safety_filter) by extensions ['colcon_pkg']
[1.485s] Level 1:colcon.colcon_core.package_identification:_identify(src/safety_filter) by extension 'colcon_pkg'
[1.488s] Level 1:colcon.colcon_core.package_identification:_identify(src/safety_filter) by extensions ['colcon_meta']
[1.488s] Level 1:colcon.colcon_core.package_identification:_identify(src/safety_filter) by extension 'colcon_meta'
[1.492s] Level 1:colcon.colcon_core.package_identification:_identify(src/safety_filter) by extensions ['ros']
[1.493s] Level 1:colcon.colcon_core.package_identification:_identify(src/safety_filter) by extension 'ros'
[1.660s] DEBUG:colcon.colcon_core.package_identification:Package 'src/safety_filter' with type 'ros.ament_python' and name 'safety_filter'
[1.661s] Level 1:colcon.colcon_core.package_discovery:discover_packages(recursive) using defaults
[1.662s] Level 1:colcon.colcon_core.package_discovery:discover_packages(ignore) discover
[1.663s] Level 1:colcon.colcon_core.package_discovery:discover_packages(ignore) using defaults
[1.663s] Level 1:colcon.colcon_core.package_discovery:discover_packages(path) discover
[1.664s] Level 1:colcon.colcon_core.package_discovery:discover_packages(path) using defaults
[1.826s] Level 1:colcon.colcon_core.package_discovery:discover_packages(prefix_path) check parameters
[1.827s] Level 1:colcon.colcon_core.package_discovery:discover_packages(prefix_path) discover
[1.837s] DEBUG:colcon.colcon_installed_package_information.package_discovery:Found 345 installed packages in /opt/ros/jazzy
[1.839s] Level 1:colcon.colcon_core.package_discovery:discover_packages(prefix_path) using defaults
[1.900s] Level 5:colcon.colcon_core.verb:set package 'safety_filter' build argument 'cmake_args' from command line to 'None'
[1.902s] Level 5:colcon.colcon_core.verb:set package 'safety_filter' build argument 'cmake_target' from command line to 'None'
[1.902s] Level 5:colcon.colcon_core.verb:set package 'safety_filter' build argument 'cmake_target_skip_unavailable' from command line to 'False'
[1.903s] Level 5:colcon.colcon_core.verb:set package 'safety_filter' build argument 'cmake_clean_cache' from command line to 'False'
[1.903s] Level 5:colcon.colcon_core.verb:set package 'safety_filter' build argument 'cmake_clean_first' from command line to 'False'
[1.903s] Level 5:colcon.colcon_core.verb:set package 'safety_filter' build argument 'cmake_force_configure' from command line to 'False'
[1.904s] Level 5:colcon.colcon_core.verb:set package 'safety_filter' build argument 'ament_cmake_args' from command line to 'None'
[1.904s] Level 5:colcon.colcon_core.verb:set package 'safety_filter' build argument 'catkin_cmake_args' from command line to 'None'
[1.905s] Level 5:colcon.colcon_core.verb:set package 'safety_filter' build argument 'catkin_skip_building_tests' from command line to 'False'
[1.905s] DEBUG:colcon.colcon_core.verb:Building package 'safety_filter' with the following arguments: {'ament_cmake_args': None, 'build_base': '/mnt/c/Sidarth/robotics/projects_robotics/dsp/ros2_ws/build/safety_filter', 'catkin_cmake_args': None, 'catkin_skip_building_tests': False, 'cmake_args': None, 'cmake_clean_cache': False, 'cmake_clean_first': False, 'cmake_force_configure': False, 'cmake_target': None, 'cmake_target_skip_unavailable': False, 'install_base': '/mnt/c/Sidarth/robotics/projects_robotics/dsp/ros2_ws/install/safety_filter', 'merge_install': False, 'path': '/mnt/c/Sidarth/robotics/projects_robotics/dsp/ros2_ws/src/safety_filter', 'symlink_install': False, 'test_result_base': None}
[1.906s] INFO:colcon.colcon_core.executor:Executing jobs using 'parallel' executor
[1.908s] DEBUG:colcon.colcon_parallel_executor.executor.parallel:run_until_complete
[1.913s] INFO:colcon.colcon_ros.task.ament_python.build:Building ROS package in '/mnt/c/Sidarth/robotics/projects_robotics/dsp/ros2_ws/src/safety_filter' with build type 'ament_python'
[1.927s] Level 1:colcon.colcon_core.shell:create_environment_hook('safety_filter', 'ament_prefix_path')
[1.946s] INFO:colcon.colcon_core.plugin_system:Skipping extension 'colcon_core.shell.bat': Not used on non-Windows systems
[1.954s] INFO:colcon.colcon_core.shell:Creating environment hook '/mnt/c/Sidarth/robotics/projects_robotics/dsp/ros2_ws/install/safety_filter/share/safety_filter/hook/ament_prefix_path.ps1'
[2.065s] INFO:colcon.colcon_core.shell:Creating environment descriptor '/mnt/c/Sidarth/robotics/projects_robotics/dsp/ros2_ws/install/safety_filter/share/safety_filter/hook/ament_prefix_path.dsv'
[2.109s] INFO:colcon.colcon_core.shell:Creating environment hook '/mnt/c/Sidarth/robotics/projects_robotics/dsp/ros2_ws/install/safety_filter/share/safety_filter/hook/ament_prefix_path.sh'
[2.175s] INFO:colcon.colcon_core.shell:Skip shell extension 'powershell' for command environment: Not usable outside of PowerShell
[2.176s] DEBUG:colcon.colcon_core.shell:Skip shell extension 'dsv' for command environment
[2.957s] INFO:colcon.colcon_core.task.python.build:Building Python package in '/mnt/c/Sidarth/robotics/projects_robotics/dsp/ros2_ws/src/safety_filter'
[2.957s] INFO:colcon.colcon_core.shell:Skip shell extension 'powershell' for command environment: Not usable outside of PowerShell
[2.958s] DEBUG:colcon.colcon_core.shell:Skip shell extension 'dsv' for command environment
[7.092s] DEBUG:colcon.colcon_core.event_handler.log_command:Invoking command in '/mnt/c/Sidarth/robotics/projects_robotics/dsp/ros2_ws/src/safety_filter': DEBUGINFOD_URLS=https://debuginfod.ubuntu.com PYTHONPATH=/mnt/c/Sidarth/robotics/projects_robotics/dsp/ros2_ws/build/safety_filter/prefix_override:/usr/lib/python3/dist-packages/colcon_core/task/python/colcon_distutils_commands:/mnt/c/Sidarth/robotics/projects_robotics/dsp/ros2_ws/install/safety_filter/lib/python3.12/site-packages:${PYTHONPATH} /usr/bin/python3 -W ignore:setup.py install is deprecated -W ignore:easy_install command is deprecated setup.py egg_info --egg-base ../../build/safety_filter build --build-base /mnt/c/Sidarth/robotics/projects_robotics/dsp/ros2_ws/build/safety_filter/build install --record /mnt/c/Sidarth/robotics/projects_robotics/dsp/ros2_ws/build/safety_filter/install.log --single-version-externally-managed install_data
[11.313s] DEBUG:colcon.colcon_core.event_handler.log_command:Invoked command in '/mnt/c/Sidarth/robotics/projects_robotics/dsp/ros2_ws/src/safety_filter' returned '0': DEBUGINFOD_URLS=https://debuginfod.ubuntu.com PYTHONPATH=/mnt/c/Sidarth/robotics/projects_robotics/dsp/ros2_ws/build/safety_filter/prefix_override:/usr/lib/python3/dist-packages/colcon_core/task/python/colcon_distutils_commands:/mnt/c/Sidarth/robotics/projects_robotics/dsp/ros2_ws/install/safety_filter/lib/python3.12/site-packages:${PYTHONPATH} /usr/bin/python3 -W ignore:setup.py install is deprecated -W ignore:easy_install command is deprecated setup.py egg_info --egg-base ../../build/safety_filter build --build-base /mnt/c/Sidarth/robotics/projects_robotics/dsp/ros2_ws/build/safety_filter/build install --record /mnt/c/Sidarth/robotics/projects_robotics/dsp/ros2_ws/build/safety_filter/install.log --single-version-externally-managed install_data
[11.323s] Level 1:colcon.colcon_core.environment:checking '/mnt/c/Sidarth/robotics/projects_robotics/dsp/ros2_ws/install/safety_filter' for CMake module files
[11.458s] Level 1:colcon.colcon_core.environment:checking '/mnt/c/Sidarth/robotics/projects_robotics/dsp/ros2_ws/install/safety_filter' for CMake config files
[11.625s] Level 1:colcon.colcon_core.environment:checking '/mnt/c/Sidarth/robotics/projects_robotics/dsp/ros2_ws/install/safety_filter/lib'
[11.632s] Level 1:colcon.colcon_core.environment:checking '/mnt/c/Sidarth/robotics/projects_robotics/dsp/ros2_ws/install/safety_filter/bin'
[11.634s] Level 1:colcon.colcon_core.environment:checking '/mnt/c/Sidarth/robotics/projects_robotics/dsp/ros2_ws/install/safety_filter/lib/pkgconfig/safety_filter.pc'
[11.637s] Level 1:colcon.colcon_core.environment:checking '/mnt/c/Sidarth/robotics/projects_robotics/dsp/ros2_ws/install/safety_filter/lib/python3.12/site-packages'
[11.643s] Level 1:colcon.colcon_core.shell:create_environment_hook('safety_filter', 'pythonpath')
[11.644s] INFO:colcon.colcon_core.shell:Creating environment hook '/mnt/c/Sidarth/robotics/projects_robotics/dsp/ros2_ws/install/safety_filter/share/safety_filter/hook/pythonpath.ps1'
[11.688s] INFO:colcon.colcon_core.shell:Creating environment descriptor '/mnt/c/Sidarth/robotics/projects_robotics/dsp/ros2_ws/install/safety_filter/share/safety_filter/hook/pythonpath.dsv'
[11.740s] INFO:colcon.colcon_core.shell:Creating environment hook '/mnt/c/Sidarth/robotics/projects_robotics/dsp/ros2_ws/install/safety_filter/share/safety_filter/hook/pythonpath.sh'
[11.781s] Level 1:colcon.colcon_core.environment:checking '/mnt/c/Sidarth/robotics/projects_robotics/dsp/ros2_ws/install/safety_filter/bin'
[11.783s] Level 1:colcon.colcon_core.environment:create_environment_scripts_only(safety_filter)
[11.783s] INFO:colcon.colcon_core.shell:Creating package script '/mnt/c/Sidarth/robotics/projects_robotics/dsp/ros2_ws/install/safety_filter/share/safety_filter/package.ps1'
[11.852s] INFO:colcon.colcon_core.shell:Creating package descriptor '/mnt/c/Sidarth/robotics/projects_robotics/dsp/ros2_ws/install/safety_filter/share/safety_filter/package.dsv'
[11.889s] INFO:colcon.colcon_core.shell:Creating package script '/mnt/c/Sidarth/robotics/projects_robotics/dsp/ros2_ws/install/safety_filter/share/safety_filter/package.sh'
[11.937s] INFO:colcon.colcon_core.shell:Creating package script '/mnt/c/Sidarth/robotics/projects_robotics/dsp/ros2_ws/install/safety_filter/share/safety_filter/package.bash'
[11.978s] INFO:colcon.colcon_core.shell:Creating package script '/mnt/c/Sidarth/robotics/projects_robotics/dsp/ros2_ws/install/safety_filter/share/safety_filter/package.zsh'
[12.018s] Level 1:colcon.colcon_core.environment:create_file_with_runtime_dependencies(/mnt/c/Sidarth/robotics/projects_robotics/dsp/ros2_ws/install/safety_filter/share/colcon-core/packages/safety_filter)
[12.048s] DEBUG:colcon.colcon_parallel_executor.executor.parallel:closing loop
[12.049s] DEBUG:colcon.colcon_parallel_executor.executor.parallel:loop closed
[12.049s] DEBUG:colcon.colcon_parallel_executor.executor.parallel:run_until_complete finished with '0'
[12.050s] DEBUG:colcon.colcon_core.event_reactor:joining thread
[12.207s] INFO:colcon.colcon_core.plugin_system:Skipping extension 'colcon_notification.desktop_notification.notify_send': Could not find 'notify-send'
[12.207s] INFO:colcon.colcon_core.plugin_system:Skipping extension 'colcon_notification.desktop_notification.terminal_notifier': Not used on non-Darwin systems
[12.208s] INFO:colcon.colcon_core.plugin_system:Skipping extension 'colcon_notification.desktop_notification.win32': Not used on non-Windows systems
[12.208s] INFO:colcon.colcon_notification.desktop_notification:Sending desktop notification using 'notify2'
[12.244s] DEBUG:colcon.colcon_notification.desktop_notification.notify2:Failed to initialize notify2: org.freedesktop.DBus.Error.ServiceUnknown: The name org.freedesktop.Notifications was not provided by any .service files
[12.245s] DEBUG:colcon.colcon_core.event_reactor:joined thread
[12.245s] INFO:colcon.colcon_core.shell:Creating prefix script '/mnt/c/Sidarth/robotics/projects_robotics/dsp/ros2_ws/install/local_setup.ps1'
[12.297s] INFO:colcon.colcon_core.shell:Creating prefix util module '/mnt/c/Sidarth/robotics/projects_robotics/dsp/ros2_ws/install/_local_setup_util_ps1.py'
[12.325s] INFO:colcon.colcon_core.shell:Creating prefix chain script '/mnt/c/Sidarth/robotics/projects_robotics/dsp/ros2_ws/install/setup.ps1'
[12.384s] INFO:colcon.colcon_core.shell:Creating prefix script '/mnt/c/Sidarth/robotics/projects_robotics/dsp/ros2_ws/install/local_setup.sh'
[12.426s] INFO:colcon.colcon_core.shell:Creating prefix util module '/mnt/c/Sidarth/robotics/projects_robotics/dsp/ros2_ws/install/_local_setup_util_sh.py'
[12.448s] INFO:colcon.colcon_core.shell:Creating prefix chain script '/mnt/c/Sidarth/robotics/projects_robotics/dsp/ros2_ws/install/setup.sh'
[12.477s] INFO:colcon.colcon_core.shell:Creating prefix script '/mnt/c/Sidarth/robotics/projects_robotics/dsp/ros2_ws/install/local_setup.bash'
[12.517s] INFO:colcon.colcon_core.shell:Creating prefix chain script '/mnt/c/Sidarth/robotics/projects_robotics/dsp/ros2_ws/install/setup.bash'
[12.541s] INFO:colcon.colcon_core.shell:Creating prefix script '/mnt/c/Sidarth/robotics/projects_robotics/dsp/ros2_ws/install/local_setup.zsh'
[12.571s] INFO:colcon.colcon_core.shell:Creating prefix chain script '/mnt/c/Sidarth/robotics/projects_robotics/dsp/ros2_ws/install/setup.zsh'
